Sender: LSF System <lsfadmin@lc02a11>
Subject: Job 49433668: <Oral_Cases_L5> in cluster <chimera> Exited

Job <Oral_Cases_L5> was submitted from host <li03c03> by user <leej111> in cluster <chimera> at Tue Dec  7 16:09:39 2021
Job was executed on host(s) <lc02a11>, in queue <premium>, as user <leej111> in cluster <chimera> at Tue Dec  7 16:09:40 2021
</hpc/users/leej111> was used as the home directory.
</sc/arion/projects/clemej05a/jakleen/hippGut/pilot/fig_3b/cutie_analysis/CUTIE/hippGut/scripts> was used as the working directory.
Started at Tue Dec  7 16:09:40 2021
Terminated at Tue Dec  7 16:09:49 2021
Results reported at Tue Dec  7 16:09:49 2021

Your job looked like:

------------------------------------------------------------
# LSBATCH: User input
#!/bin/bash
#BSUB -q premium
#BSUB -W 96:00
#BSUB -J Oral_Cases_L5
#BSUB -P acc_clemej05a
#BSUB -n 1 
#BSUB -R "span[hosts=1]"
#BSUB -R rusage[mem=10000]
#BSUB -o /sc/arion/projects/clemej05a/jakleen/hippGut/pilot/fig_3b/cutie_analysis/CUTIE/hippGut/scripts/../logs/Oral_Cases_L5_%J.stdout
#BSUB -eo /sc/arion/projects/clemej05a/jakleen/hippGut/pilot/fig_3b/cutie_analysis/CUTIE/hippGut/scripts/../logs/Oral_Cases_L5_%J.stderr
#BSUB -L /bin/bash

ml purge
ml anaconda3 
ml python/3.7.3
source activate cutie

python /sc/arion/projects/clemej05a/jakleen/hippGut/pilot/fig_3b/cutie_analysis/CUTIE/hippGut/scripts/../../scripts/calculate_cutie.py -i /sc/arion/projects/clemej05a/jakleen/hippGut/pilot/fig_3b/cutie_analysis/CUTIE/hippGut/scripts/../inputs/config_files/config_Oral_Cases_L5.ini


------------------------------------------------------------

Exited with exit code 1.

Resource usage summary:

    CPU time :                                   6.56 sec.
    Max Memory :                                 70 MB
    Average Memory :                             15.86 MB
    Total Requested Memory :                     10000.00 MB
    Delta Memory :                               9930.00 MB
    Max Swap :                                   -
    Max Processes :                              6
    Max Threads :                                14
    Run time :                                   9 sec.
    Turnaround time :                            10 sec.

The output (if any) follows:

Overwriting pre-existing directory...
Parsing input...
Computing initial (pre-CUTIE) significance of all pairwise correlations...


PS:

Read file </sc/arion/projects/clemej05a/jakleen/hippGut/pilot/fig_3b/cutie_analysis/CUTIE/hippGut/scripts/../logs/Oral_Cases_L5_49433668.stderr> for stderr output of this job.

