Sender: LSF System <lsfadmin@lc03g23>
Subject: Job 49367727: <Oral_Controls_L5> in cluster <chimera> Exited

Job <Oral_Controls_L5> was submitted from host <li03c03> by user <leej111> in cluster <chimera> at Mon Dec  6 17:59:44 2021
Job was executed on host(s) <lc03g23>, in queue <premium>, as user <leej111> in cluster <chimera> at Mon Dec  6 17:59:45 2021
</hpc/users/leej111> was used as the home directory.
</sc/arion/projects/clemej05a/jakleen/hippGut/pilot/fig_3b/cutie_analysis/CUTIE/hippGut> was used as the working directory.
Started at Mon Dec  6 17:59:45 2021
Terminated at Mon Dec  6 17:59:51 2021
Results reported at Mon Dec  6 17:59:51 2021

Your job looked like:

------------------------------------------------------------
# LSBATCH: User input
#!/bin/bash
#BSUB -q premium
#BSUB -W 96:00
#BSUB -J Oral_Controls_L5
#BSUB -P acc_clemej05a
#BSUB -n 1 
#BSUB -R "span[hosts=1]"
#BSUB -R rusage[mem=10000]
#BSUB -o /sc/arion/projects/clemej05a/jakleen/hippGut/pilot/fig_3b/cutie_analysis/CUTIE/hippGut/logs/Oral_Controls_L5_%J.stdout
#BSUB -eo /sc/arion/projects/clemej05a/jakleen/hippGut/pilot/fig_3b/cutie_analysis/CUTIE/hippGut/logs/Oral_Controls_L5_%J.stderr
#BSUB -L /bin/bash

ml purge
ml anaconda3 
source activate cutie

python /sc/arion/projects/clemej05a/jakleen/hippGut/pilot/fig_3b/cutie_analysis/CUTIE/hippGut/../scripts/calculate_cutie.py -i /sc/arion/projects/clemej05a/jakleen/hippGut/pilot/fig_3b/cutie_analysis/CUTIE/hippGut/inputs/config_files/config_Oral_Controls_L5.ini


------------------------------------------------------------

Exited with exit code 1.

Resource usage summary:

    CPU time :                                   4.61 sec.
    Max Memory :                                 11 MB
    Average Memory :                             8.00 MB
    Total Requested Memory :                     10000.00 MB
    Delta Memory :                               9989.00 MB
    Max Swap :                                   -
    Max Processes :                              5
    Max Threads :                                6
    Run time :                                   5 sec.
    Turnaround time :                            7 sec.

The output (if any) follows:



PS:

Read file </sc/arion/projects/clemej05a/jakleen/hippGut/pilot/fig_3b/cutie_analysis/CUTIE/hippGut/logs/Oral_Controls_L5_49367727.stderr> for stderr output of this job.

