Sender: LSF System <lsfadmin@lh06c20>
Subject: Job 49367735: <Stool_Controls_L6> in cluster <chimera> Exited

Job <Stool_Controls_L6> was submitted from host <li03c03> by user <leej111> in cluster <chimera> at Mon Dec  6 17:59:46 2021
Job was executed on host(s) <lh06c20>, in queue <premium>, as user <leej111> in cluster <chimera> at Mon Dec  6 17:59:47 2021
</hpc/users/leej111> was used as the home directory.
</sc/arion/projects/clemej05a/jakleen/hippGut/pilot/fig_3b/cutie_analysis/CUTIE/hippGut> was used as the working directory.
Started at Mon Dec  6 17:59:47 2021
Terminated at Mon Dec  6 17:59:51 2021
Results reported at Mon Dec  6 17:59:51 2021

Your job looked like:

------------------------------------------------------------
# LSBATCH: User input
#!/bin/bash
#BSUB -q premium
#BSUB -W 96:00
#BSUB -J Stool_Controls_L6
#BSUB -P acc_clemej05a
#BSUB -n 1 
#BSUB -R "span[hosts=1]"
#BSUB -R rusage[mem=10000]
#BSUB -o /sc/arion/projects/clemej05a/jakleen/hippGut/pilot/fig_3b/cutie_analysis/CUTIE/hippGut/logs/Stool_Controls_L6_%J.stdout
#BSUB -eo /sc/arion/projects/clemej05a/jakleen/hippGut/pilot/fig_3b/cutie_analysis/CUTIE/hippGut/logs/Stool_Controls_L6_%J.stderr
#BSUB -L /bin/bash

ml purge
ml anaconda3 
source activate cutie

python /sc/arion/projects/clemej05a/jakleen/hippGut/pilot/fig_3b/cutie_analysis/CUTIE/hippGut/../scripts/calculate_cutie.py -i /sc/arion/projects/clemej05a/jakleen/hippGut/pilot/fig_3b/cutie_analysis/CUTIE/hippGut/inputs/config_files/config_Stool_Controls_L6.ini


------------------------------------------------------------

Exited with exit code 1.

Resource usage summary:

    CPU time :                                   3.96 sec.
    Max Memory :                                 14 MB
    Average Memory :                             9.00 MB
    Total Requested Memory :                     10000.00 MB
    Delta Memory :                               9986.00 MB
    Max Swap :                                   17592186044415 MB
    Max Processes :                              7
    Max Threads :                                9
    Run time :                                   5 sec.
    Turnaround time :                            5 sec.

The output (if any) follows:



PS:

Read file </sc/arion/projects/clemej05a/jakleen/hippGut/pilot/fig_3b/cutie_analysis/CUTIE/hippGut/logs/Stool_Controls_L6_49367735.stderr> for stderr output of this job.

