Sender: LSF System <lsfadmin@lc02a15>
Subject: Job 49433677: <Stool_Controls_L6> in cluster <chimera> Exited

Job <Stool_Controls_L6> was submitted from host <li03c03> by user <leej111> in cluster <chimera> at Tue Dec  7 16:09:41 2021
Job was executed on host(s) <lc02a15>, in queue <premium>, as user <leej111> in cluster <chimera> at Tue Dec  7 16:09:42 2021
</hpc/users/leej111> was used as the home directory.
</sc/arion/projects/clemej05a/jakleen/hippGut/pilot/fig_3b/cutie_analysis/CUTIE/hippGut/scripts> was used as the working directory.
Started at Tue Dec  7 16:09:42 2021
Terminated at Tue Dec  7 16:09:56 2021
Results reported at Tue Dec  7 16:09:56 2021

Your job looked like:

------------------------------------------------------------
# LSBATCH: User input
#!/bin/bash
#BSUB -q premium
#BSUB -W 96:00
#BSUB -J Stool_Controls_L6
#BSUB -P acc_clemej05a
#BSUB -n 1 
#BSUB -R "span[hosts=1]"
#BSUB -R rusage[mem=10000]
#BSUB -o /sc/arion/projects/clemej05a/jakleen/hippGut/pilot/fig_3b/cutie_analysis/CUTIE/hippGut/scripts/../logs/Stool_Controls_L6_%J.stdout
#BSUB -eo /sc/arion/projects/clemej05a/jakleen/hippGut/pilot/fig_3b/cutie_analysis/CUTIE/hippGut/scripts/../logs/Stool_Controls_L6_%J.stderr
#BSUB -L /bin/bash

ml purge
ml anaconda3 
ml python/3.7.3
source activate cutie

python /sc/arion/projects/clemej05a/jakleen/hippGut/pilot/fig_3b/cutie_analysis/CUTIE/hippGut/scripts/../../scripts/calculate_cutie.py -i /sc/arion/projects/clemej05a/jakleen/hippGut/pilot/fig_3b/cutie_analysis/CUTIE/hippGut/scripts/../inputs/config_files/config_Stool_Controls_L6.ini


------------------------------------------------------------

Exited with exit code 1.

Resource usage summary:

    CPU time :                                   9.25 sec.
    Max Memory :                                 115 MB
    Average Memory :                             23.44 MB
    Total Requested Memory :                     10000.00 MB
    Delta Memory :                               9885.00 MB
    Max Swap :                                   17592186044415 MB
    Max Processes :                              6
    Max Threads :                                14
    Run time :                                   14 sec.
    Turnaround time :                            15 sec.

The output (if any) follows:

Overwriting pre-existing directory...
Parsing input...
Computing initial (pre-CUTIE) significance of all pairwise correlations...


PS:

Read file </sc/arion/projects/clemej05a/jakleen/hippGut/pilot/fig_3b/cutie_analysis/CUTIE/hippGut/scripts/../logs/Stool_Controls_L6_49433677.stderr> for stderr output of this job.

